        -:    0:Source:src/factory/MSTFactory.cpp
        -:    1:// src/factory/MSTFactory.cpp
        -:    2:#include "MSTFactory.hpp"
        -:    3:#include "../mst/BoruvkaMST.hpp"
        -:    4:#include "../mst/PrimMST.hpp"
        -:    5:#include "../mst/KruskalMST.hpp"
        -:    6:#include "../mst/TarjanMST.hpp"
        -:    7:#include "../mst/IntegerMST.hpp"
        -:    8:#include <stdexcept>
        -:    9:
       22:   10:std::unique_ptr<MSTAlgorithm> MSTFactory::createMSTAlgorithm(const std::string &algorithmName)
        -:   11:{
       22:   12:    if (algorithmName == "Boruvka")
        -:   13:    {
        5:   14:        return std::make_unique<BoruvkaMST>();
        -:   15:    }
       17:   16:    else if (algorithmName == "Prim")
        -:   17:    {
        5:   18:        return std::make_unique<PrimMST>();
        -:   19:    }
       12:   20:    else if (algorithmName == "Kruskal")
        -:   21:    {
        5:   22:        return std::make_unique<KruskalMST>();
        -:   23:    }
        7:   24:    else if (algorithmName == "Tarjan")
        -:   25:    {
        5:   26:        return std::make_unique<TarjanMST>();
        -:   27:    }
        2:   28:    else if (algorithmName == "Integer")
        -:   29:    {
        1:   30:        return std::make_unique<IntegerMST>();
        -:   31:    }
        -:   32:    else
        -:   33:    {
        1:   34:        throw std::invalid_argument("Unknown MST algorithm: " + algorithmName);
        -:   35:    }
        -:   36:}
