        -:    0:Source:src/utils/Pipeline.hpp
        -:    1:// File: src/utils/Pipeline.hpp
        -:    2:#pragma once
        -:    3:#include <vector>
        -:    4:#include <functional>
        -:    5:#include <memory>
        -:    6:
        -:    7:class Pipeline {
        -:    8:public:
        -:    9:    void addStage(std::function<std::shared_ptr<void>(std::shared_ptr<void>)> stage);
        -:   10:    
        -:   11:    template<typename T>
       4*:   12:    T process(std::function<std::shared_ptr<void>()> inputGenerator) {
       4*:   13:        std::shared_ptr<void> data = inputGenerator();
       9*:   14:        for (const auto& stage : stages) {
       5*:   15:            data = stage(data);
        -:   16:        }
       8*:   17:        return *std::static_pointer_cast<T>(data);
       4*:   18:    }
------------------
_ZN8Pipeline7processINSt7__cxx1112basic_stringIcSt11char_traitsIcESaIcEEEEET_St8functionIFSt10shared_ptrIvEvEE:
        1:   12:    T process(std::function<std::shared_ptr<void>()> inputGenerator) {
        1:   13:        std::shared_ptr<void> data = inputGenerator();
        3:   14:        for (const auto& stage : stages) {
        2:   15:            data = stage(data);
        -:   16:        }
        2:   17:        return *std::static_pointer_cast<T>(data);
        1:   18:    }
------------------
_ZN8Pipeline7processINSt7__cxx1112basic_stringIcSt11char_traitsIcESaIcEEEEET_St8functionIFSt10shared_ptrIvEvEE:
    #####:   12:    T process(std::function<std::shared_ptr<void>()> inputGenerator) {
    #####:   13:        std::shared_ptr<void> data = inputGenerator();
    #####:   14:        for (const auto& stage : stages) {
    #####:   15:            data = stage(data);
        -:   16:        }
    #####:   17:        return *std::static_pointer_cast<T>(data);
    #####:   18:    }
------------------
_ZN8Pipeline7processIiEET_St8functionIFSt10shared_ptrIvEvEE:
        3:   12:    T process(std::function<std::shared_ptr<void>()> inputGenerator) {
        3:   13:        std::shared_ptr<void> data = inputGenerator();
        6:   14:        for (const auto& stage : stages) {
        3:   15:            data = stage(data);
        -:   16:        }
        6:   17:        return *std::static_pointer_cast<T>(data);
        3:   18:    }
------------------
        -:   19:
        -:   20:private:
        -:   21:    std::vector<std::function<std::shared_ptr<void>(std::shared_ptr<void>)>> stages;
        -:   22:};
        -:   23:
