        -:    0:Source:src/mst/TarjanMST.hpp
        -:    1:// src/mst/TarjanMST.hpp
        -:    2:#pragma once
        -:    3:#include "MSTAlgorithm.hpp"
        -:    4:#include <vector>
        -:    5:#include <random>
        -:    6:#include <iostream>
        -:    7:
        -:    8:class TarjanMST : public MSTAlgorithm
        -:    9:{
        -:   10:public:
        -:   11:    std::vector<std::pair<int, std::pair<int, int>>> findMST(const Graph &graph) override;
        -:   12:
        -:   13:private:
        -:   14:    struct Edge
        -:   15:    {
        -:   16:        int src, dest, weight;
       28:   17:        Edge(int s, int d, int w) : src(s), dest(d), weight(w) {}
    #####:   18:        Edge() : src(0), dest(0), weight(0) {} // Default constructor for std::vector
        -:   19:    };
        -:   20:    // Helper functions for Tarjan's algorithm
        -:   21:    void iterativeMST(const Graph &graph, std::vector<std::pair<int, std::pair<int, int>>> &mst,
        -:   22:                                 std::vector<int> &parent, std::vector<int> &rank,
        -:   23:                                 std::vector<Edge> &edges);
        -:   24:    int find(std::vector<int> &parent, int i);
        -:   25:    void unionSet(std::vector<int> &parent, std::vector<int> &rank, int x, int y);
        -:   26:    std::vector<Edge> sampleEdges(const std::vector<Edge> &edges, int k);
        -:   27:};
